

> @nex22/seatmap-react@0.1.0 build /Users/nex22/VSCodeProjects/TicketokProjects/seatmap/packages/react
> tsup

[34mCLI[39m Building entry: src/index.ts
[34mCLI[39m Using tsconfig: tsconfig.json
[34mCLI[39m tsup v8.5.1
[34mCLI[39m Using tsup config: /Users/nex22/VSCodeProjects/TicketokProjects/seatmap/packages/react/tsup.config.ts
[34mCLI[39m Target: es2022
[34mCLI[39m Cleaning output folder
[34mESM[39m Build start
[34mCJS[39m Build start
[32mESM[39m [1mdist/index.js     [22m[32m30.89 KB[39m
[32mESM[39m [1mdist/index.js.map [22m[32m74.90 KB[39m
[32mESM[39m ⚡️ Build success in 150ms
[32mCJS[39m [1mdist/index.cjs     [22m[32m31.73 KB[39m
[32mCJS[39m [1mdist/index.cjs.map [22m[32m75.28 KB[39m
[32mCJS[39m ⚡️ Build success in 151ms
DTS Build start
DTS ⚡️ Build success in 1166ms
DTS dist/index.d.ts  4.09 KB
DTS dist/index.d.cts 4.09 KB
