

> @ticketok/seatmap-core@0.1.0 build /Users/nex22/VSCodeProjects/TicketokProjects/seatmap/packages/core
> tsup

[34mCLI[39m Building entry: src/index.ts
[34mCLI[39m Using tsconfig: tsconfig.json
[34mCLI[39m tsup v8.5.1
[34mCLI[39m Using tsup config: /Users/nex22/VSCodeProjects/TicketokProjects/seatmap/packages/core/tsup.config.ts
[34mCLI[39m Target: es2022
[34mCLI[39m Cleaning output folder
[34mESM[39m Build start
[34mCJS[39m Build start
[32mESM[39m [1mdist/index.js     [22m[32m10.89 KB[39m
[32mESM[39m [1mdist/index.js.map [22m[32m27.88 KB[39m
[32mESM[39m ⚡️ Build success in 52ms
[32mCJS[39m [1mdist/index.cjs     [22m[32m11.44 KB[39m
[32mCJS[39m [1mdist/index.cjs.map [22m[32m27.92 KB[39m
[32mCJS[39m ⚡️ Build success in 51ms
DTS Build start
DTS ⚡️ Build success in 431ms
DTS dist/index.d.ts  4.66 KB
DTS dist/index.d.cts 4.66 KB
