

> @nex22/seatmap-viewer@0.1.0 build /Users/nex22/VSCodeProjects/TicketokProjects/seatmap/packages/viewer
> tsup

[34mCLI[39m Building entry: src/index.ts
[34mCLI[39m Using tsconfig: tsconfig.json
[34mCLI[39m tsup v8.5.1
[34mCLI[39m Using tsup config: /Users/nex22/VSCodeProjects/TicketokProjects/seatmap/packages/viewer/tsup.config.ts
[34mCLI[39m Target: es2022
[34mCLI[39m Cleaning output folder
[34mESM[39m Build start
[34mCJS[39m Build start
[32mESM[39m [1mdist/index.js     [22m[32m770.00 B[39m
[32mESM[39m [1mdist/index.js.map [22m[32m1.65 KB[39m
[32mESM[39m ⚡️ Build success in 70ms
[32mCJS[39m [1mdist/index.cjs     [22m[32m926.00 B[39m
[32mCJS[39m [1mdist/index.cjs.map [22m[32m1.72 KB[39m
[32mCJS[39m ⚡️ Build success in 71ms
DTS Build start
DTS ⚡️ Build success in 1030ms
DTS dist/index.d.ts  814.00 B
DTS dist/index.d.cts 814.00 B
