

> @ticketok/seatmap-demo@0.1.0 build /Users/nex22/VSCodeProjects/TicketokProjects/seatmap/apps/demo
> tsc -b && vite build

[36mvite v6.4.1 [32mbuilding for production...[36m[39m
[2K[1Gtransforming (1) [2msrc/main.tsx[22m[2K[1Gtransforming (12) [2m../../node_modules/.pnpm/react@19.2.4/node_modules/react/jsx-runtime.js[22m[2K[1Gtransforming (25) [2m../../node_modules/.pnpm/quickselect@3.0.0/node_modules/quickselect/index.js[22m[2K[1Gtransforming (648) [2m../../node_modules/.pnpm/pixi.js@8.17.1/node_modules/pixi.js/lib/utils/utils.mjs[22m[2K[1Gtransforming (653) [2m../../node_modules/.pnpm/scheduler@0.27.0/node_modules/scheduler/index.js[22m[2K[1Gtransforming (731) [2m../../node_modules/.pnpm/pixi.js@8.17.1/node_modules/pixi.js/lib/filters/init.mjs[22m[2K[1G[32m✓[39m 748 modules transformed.
[2K[1Grendering chunks (1)...[2K[1Grendering chunks (2)...[2K[1Grendering chunks (3)...[2K[1Grendering chunks (4)...[2K[1Grendering chunks (5)...[2K[1Grendering chunks (6)...[2K[1Grendering chunks (7)...[2K[1Grendering chunks (8)...[2K[1Grendering chunks (9)...[2K[1Grendering chunks (10)...[2K[1Grendering chunks (11)...[2K[1G[2K[1Gcomputing gzip size (0)...[2K[1Gcomputing gzip size (1)...[2K[1Gcomputing gzip size (2)...[2K[1Gcomputing gzip size (3)...[2K[1Gcomputing gzip size (4)...[2K[1Gcomputing gzip size (5)...[2K[1Gcomputing gzip size (6)...[2K[1Gcomputing gzip size (7)...[2K[1Gcomputing gzip size (8)...[2K[1Gcomputing gzip size (9)...[2K[1Gcomputing gzip size (10)...[2K[1Gcomputing gzip size (11)...[2K[1Gcomputing gzip size (12)...[2K[1G[2mdist/[22m[32mindex.html                             [39m[1m[2m  0.32 kB[22m[1m[22m[2m │ gzip:   0.23 kB[22m
[2mdist/[22m[2massets/[22m[36mCanvasPool-UCgLCSRr.js          [39m[1m[2m  0.78 kB[22m[1m[22m[2m │ gzip:   0.43 kB[22m
[2mdist/[22m[2massets/[22m[36mFilter-597L2ika.js              [39m[1m[2m  0.90 kB[22m[1m[22m[2m │ gzip:   0.48 kB[22m
[2mdist/[22m[2massets/[22m[36mBufferResource-CA4_IIgY.js      [39m[1m[2m 10.61 kB[22m[1m[22m[2m │ gzip:   2.80 kB[22m
[2mdist/[22m[2massets/[22m[36mwebworkerAll-C-S3iVQl.js        [39m[1m[2m 11.97 kB[22m[1m[22m[2m │ gzip:   3.97 kB[22m
[2mdist/[22m[2massets/[22m[36mCanvasRenderer-DAc5GVKO.js      [39m[1m[2m 23.34 kB[22m[1m[22m[2m │ gzip:   7.28 kB[22m
[2mdist/[22m[2massets/[22m[36mBitmapFont-CkZ2U0dX.js          [39m[1m[2m 34.44 kB[22m[1m[22m[2m │ gzip:  11.73 kB[22m
[2mdist/[22m[2massets/[22m[36mWebGPURenderer-CCsVP4Aw.js      [39m[1m[2m 38.41 kB[22m[1m[22m[2m │ gzip:  10.74 kB[22m
[2mdist/[22m[2massets/[22m[36mbrowserAll-Dcx3xYV9.js          [39m[1m[2m 43.23 kB[22m[1m[22m[2m │ gzip:  11.35 kB[22m
[2mdist/[22m[2massets/[22m[36mRenderTargetSystem-BkiRX8Vi.js  [39m[1m[2m 46.18 kB[22m[1m[22m[2m │ gzip:  12.77 kB[22m
[2mdist/[22m[2massets/[22m[36mWebGLRenderer-BarozUFx.js       [39m[1m[2m 68.60 kB[22m[1m[22m[2m │ gzip:  18.82 kB[22m
[2mdist/[22m[2massets/[22m[36mindex-CwVpS-Jr.js               [39m[1m[33m514.58 kB[39m[22m[2m │ gzip: 160.37 kB[22m
[33m
(!) Some chunks are larger than 500 kB after minification. Consider:
- Using dynamic import() to code-split the application
- Use build.rollupOptions.output.manualChunks to improve chunking: https://rollupjs.org/configuration-options/#output-manualchunks
- Adjust chunk size limit for this warning via build.chunkSizeWarningLimit.[39m
[32m✓ built in 2.89s[39m
